# JRE version: OpenJDK Runtime Environment (8.0_242-b01) (build 1.8.0_242-release-1644-b01)
# Java VM: OpenJDK 64-Bit Server VM (25.242-b01 mixed mode windows-amd64 compressed oops)
Heap:
 PSYoungGen      total 443904K, used 400120K [0x00000000d5580000, 0x00000000fd780000, 0x0000000100000000)
  eden space 342016K, 90% used [0x00000000d5580000,0x00000000e85312a0,0x00000000ea380000)
  from space 101888K, 87% used [0x00000000ea380000,0x00000000efa8cf78,0x00000000f0700000)
  to   space 114176K, 0% used [0x00000000f6800000,0x00000000f6800000,0x00000000fd780000)
 ParOldGen       total 369664K, used 188496K [0x0000000080000000, 0x0000000096900000, 0x00000000d5580000)
  object space 369664K, 50% used [0x0000000080000000,0x000000008b8142d8,0x0000000096900000)
 Metaspace       used 113656K, capacity 120094K, committed 122008K, reserved 1155072K
  class space    used 14635K, capacity 15797K, committed 16304K, reserved 1048576K
GC Heap History (10 events):
Event: 3745.159 GC heap before
{Heap before GC invocations=24 (full 4):
 PSYoungGen      total 452096K, used 451781K [0x00000000d5580000, 0x00000000f5a00000, 0x0000000100000000)
  eden space 414208K, 100% used [0x00000000d5580000,0x00000000eea00000,0x00000000eea00000)
  from space 37888K, 99% used [0x00000000f1d80000,0x00000000f42314e0,0x00000000f4280000)
  to   space 24064K, 0% used [0x00000000f4280000,0x00000000f4280000,0x00000000f5a00000)
 ParOldGen       total 218112K, used 99797K [0x0000000080000000, 0x000000008d500000, 0x00000000d5580000)
  object space 218112K, 45% used [0x0000000080000000,0x0000000086175520,0x000000008d500000)
 Metaspace       used 113048K, capacity 119750K, committed 120088K, reserved 1153024K
  class space    used 14738K, capacity 16055K, committed 16176K, reserved 1048576K
Event: 3745.245 GC heap after
Heap after GC invocations=24 (full 4):
 PSYoungGen      total 421888K, used 24059K [0x00000000d5580000, 0x00000000f5a00000, 0x0000000100000000)
  eden space 397824K, 0% used [0x00000000d5580000,0x00000000d5580000,0x00000000eda00000)
  from space 24064K, 99% used [0x00000000f4280000,0x00000000f59feeb0,0x00000000f5a00000)
  to   space 63488K, 0% used [0x00000000ede00000,0x00000000ede00000,0x00000000f1c00000)
 ParOldGen       total 218112K, used 127893K [0x0000000080000000, 0x000000008d500000, 0x00000000d5580000)
  object space 218112K, 58% used [0x0000000080000000,0x0000000087ce5778,0x000000008d500000)
 Metaspace       used 113048K, capacity 119750K, committed 120088K, reserved 1153024K
  class space    used 14738K, capacity 16055K, committed 16176K, reserved 1048576K
}
Event: 3752.421 GC heap before
{Heap before GC invocations=25 (full 4):
 PSYoungGen      total 421888K, used 421883K [0x00000000d5580000, 0x00000000f5a00000, 0x0000000100000000)
  eden space 397824K, 100% used [0x00000000d5580000,0x00000000eda00000,0x00000000eda00000)
  from space 24064K, 99% used [0x00000000f4280000,0x00000000f59feeb0,0x00000000f5a00000)
  to   space 63488K, 0% used [0x00000000ede00000,0x00000000ede00000,0x00000000f1c00000)
 ParOldGen       total 218112K, used 127893K [0x0000000080000000, 0x000000008d500000, 0x00000000d5580000)
  object space 218112K, 58% used [0x0000000080000000,0x0000000087ce5778,0x000000008d500000)
 Metaspace       used 114925K, capacity 121870K, committed 122008K, reserved 1155072K
  class space    used 14928K, capacity 16293K, committed 16304K, reserved 1048576K
Event: 3752.495 GC heap after
Heap after GC invocations=25 (full 4):
 PSYoungGen      total 414720K, used 32046K [0x00000000d5580000, 0x00000000f4300000, 0x0000000100000000)
  eden space 382464K, 0% used [0x00000000d5580000,0x00000000d5580000,0x00000000ecb00000)
  from space 32256K, 99% used [0x00000000ede00000,0x00000000efd4b960,0x00000000efd80000)
  to   space 61440K, 0% used [0x00000000f0700000,0x00000000f0700000,0x00000000f4300000)
 ParOldGen       total 218112K, used 128641K [0x0000000080000000, 0x000000008d500000, 0x00000000d5580000)
  object space 218112K, 58% used [0x0000000080000000,0x0000000087da07a8,0x000000008d500000)
 Metaspace       used 114925K, capacity 121870K, committed 122008K, reserved 1155072K
  class space    used 14928K, capacity 16293K, committed 16304K, reserved 1048576K
}
Event: 3754.358 GC heap before
{Heap before GC invocations=26 (full 4):
 PSYoungGen      total 414720K, used 414510K [0x00000000d5580000, 0x00000000f4300000, 0x0000000100000000)
  eden space 382464K, 100% used [0x00000000d5580000,0x00000000ecb00000,0x00000000ecb00000)
  from space 32256K, 99% used [0x00000000ede00000,0x00000000efd4b960,0x00000000efd80000)
  to   space 61440K, 0% used [0x00000000f0700000,0x00000000f0700000,0x00000000f4300000)
 ParOldGen       total 218112K, used 128641K [0x0000000080000000, 0x000000008d500000, 0x00000000d5580000)
  object space 218112K, 58% used [0x0000000080000000,0x0000000087da07a8,0x000000008d500000)
 Metaspace       used 114969K, capacity 121948K, committed 122008K, reserved 1155072K
  class space    used 14928K, capacity 16294K, committed 16304K, reserved 1048576K
Event: 3754.435 GC heap after
Heap after GC invocations=26 (full 4):
 PSYoungGen      total 403456K, used 61425K [0x00000000d5580000, 0x00000000fd180000, 0x0000000100000000)
  eden space 342016K, 0% used [0x00000000d5580000,0x00000000d5580000,0x00000000ea380000)
  from space 61440K, 99% used [0x00000000f0700000,0x00000000f42fc4a8,0x00000000f4300000)
  to   space 101888K, 0% used [0x00000000ea380000,0x00000000ea380000,0x00000000f0700000)
 ParOldGen       total 218112K, used 214708K [0x0000000080000000, 0x000000008d500000, 0x00000000d5580000)
  object space 218112K, 98% used [0x0000000080000000,0x000000008d1ad078,0x000000008d500000)
 Metaspace       used 114969K, capacity 121948K, committed 122008K, reserved 1155072K
  class space    used 14928K, capacity 16294K, committed 16304K, reserved 1048576K
}
Event: 3754.435 GC heap before
{Heap before GC invocations=27 (full 5):
 PSYoungGen      total 403456K, used 61425K [0x00000000d5580000, 0x00000000fd180000, 0x0000000100000000)
  eden space 342016K, 0% used [0x00000000d5580000,0x00000000d5580000,0x00000000ea380000)
  from space 61440K, 99% used [0x00000000f0700000,0x00000000f42fc4a8,0x00000000f4300000)
  to   space 101888K, 0% used [0x00000000ea380000,0x00000000ea380000,0x00000000f0700000)
 ParOldGen       total 218112K, used 214708K [0x0000000080000000, 0x000000008d500000, 0x00000000d5580000)
  object space 218112K, 98% used [0x0000000080000000,0x000000008d1ad078,0x000000008d500000)
 Metaspace       used 114969K, capacity 121948K, committed 122008K, reserved 1155072K
  class space    used 14928K, capacity 16294K, committed 16304K, reserved 1048576K
Event: 3754.896 GC heap after
Heap after GC invocations=27 (full 5):
 PSYoungGen      total 403456K, used 0K [0x00000000d5580000, 0x00000000fd180000, 0x0000000100000000)
  eden space 342016K, 0% used [0x00000000d5580000,0x00000000d5580000,0x00000000ea380000)
  from space 61440K, 0% used [0x00000000f0700000,0x00000000f0700000,0x00000000f4300000)
  to   space 101888K, 0% used [0x00000000ea380000,0x00000000ea380000,0x00000000f0700000)
 ParOldGen       total 369664K, used 188488K [0x0000000080000000, 0x0000000096900000, 0x00000000d5580000)
  object space 369664K, 50% used [0x0000000080000000,0x000000008b8122d8,0x0000000096900000)
 Metaspace       used 111295K, capacity 117166K, committed 122008K, reserved 1155072K
  class space    used 14383K, capacity 15453K, committed 16304K, reserved 1048576K
}
Event: 3756.852 GC heap before
{Heap before GC invocations=28 (full 5):
 PSYoungGen      total 403456K, used 342016K [0x00000000d5580000, 0x00000000fd180000, 0x0000000100000000)
  eden space 342016K, 100% used [0x00000000d5580000,0x00000000ea380000,0x00000000ea380000)
  from space 61440K, 0% used [0x00000000f0700000,0x00000000f0700000,0x00000000f4300000)
  to   space 101888K, 0% used [0x00000000ea380000,0x00000000ea380000,0x00000000f0700000)
 ParOldGen       total 369664K, used 188488K [0x0000000080000000, 0x0000000096900000, 0x00000000d5580000)
  object space 369664K, 50% used [0x0000000080000000,0x000000008b8122d8,0x0000000096900000)
 Metaspace       used 111330K, capacity 117176K, committed 122008K, reserved 1155072K
  class space    used 14385K, capacity 15454K, committed 16304K, reserved 1048576K
Event: 3756.993 GC heap after
Heap after GC invocations=28 (full 5):
 PSYoungGen      total 443904K, used 89139K [0x00000000d5580000, 0x00000000fd780000, 0x0000000100000000)
  eden space 342016K, 0% used [0x00000000d5580000,0x00000000d5580000,0x00000000ea380000)
  from space 101888K, 87% used [0x00000000ea380000,0x00000000efa8cf78,0x00000000f0700000)
  to   space 114176K, 0% used [0x00000000f6800000,0x00000000f6800000,0x00000000fd780000)
 ParOldGen       total 369664K, used 188496K [0x0000000080000000, 0x0000000096900000, 0x00000000d5580000)
  object space 369664K, 50% used [0x0000000080000000,0x000000008b8142d8,0x0000000096900000)
 Metaspace       used 111330K, capacity 117176K, committed 122008K, reserved 1155072K
  class space    used 14385K, capacity 15454K, committed 16304K, reserved 1048576K
}

